#
# There is insufficient memory for the Java Runtime Environment to continue.
# Native memory allocation (malloc) failed to allocate 784096 bytes for Chunk::new
# Possible reasons:
#   The system is out of physical RAM or swap space
#   The process is running with CompressedOops enabled, and the Java Heap may be blocking the growth of the native heap
# Possible solutions:
#   Reduce memory load on the system
#   Increase physical memory or swap space
#   Check if swap backing store is full
#   Decrease Java heap size (-Xmx/-Xms)
#   Decrease number of Java threads
#   Decrease Java thread stack sizes (-Xss)
#   Set larger code cache with -XX:ReservedCodeCacheSize=
#   JVM is running with Unscaled Compressed Oops mode in which the Java heap is
#     placed in the first 4GB address space. The Java Heap base address is the
#     maximum limit for the native heap growth. Please use -XX:HeapBaseMinAddress
#     to set the Java Heap base and to place the Java Heap above 4GB virtual address.
# This output file may be truncated or incomplete.
#
#  Out of Memory Error (arena.cpp:189), pid=13696, tid=16556
#
# JRE version: Java(TM) SE Runtime Environment (17.0.8+9) (build 17.0.8+9-LTS-211)
# Java VM: Java HotSpot(TM) 64-Bit Server VM (17.0.8+9-LTS-211, mixed mode, sharing, tiered, compressed oops, compressed class ptrs, g1 gc, windows-amd64)
# No core dump will be written. Minidumps are not enabled by default on client versions of Windows
#

---------------  S U M M A R Y ------------

Command Line: --add-opens=java.base/java.util=ALL-UNNAMED --add-opens=java.base/java.lang=ALL-UNNAMED --add-opens=java.base/java.lang.invoke=ALL-UNNAMED --add-opens=java.prefs/java.util.prefs=ALL-UNNAMED --add-opens=java.base/java.nio.charset=ALL-UNNAMED --add-opens=java.base/java.net=ALL-UNNAMED --add-opens=java.base/java.util.concurrent.atomic=ALL-UNNAMED -Xmx2048m -Dfile.encoding=windows-1252 -Duser.country=FR -Duser.language=fr -Duser.variant -javaagent:C:\gradle\lib\agents\gradle-instrumentation-agent-8.3.jar org.gradle.launcher.daemon.bootstrap.GradleDaemon 8.3

Host: Intel(R) Core(TM) i7-2670QM CPU @ 2.20GHz, 8 cores, 7G,  Windows 10 , 64 bit Build 19041 (10.0.19041.3155)
Time: Tue Aug 22 13:40:23 2023 Paris, Madrid (heure duild 19041 (10.0.19041.3155) elapsed time: 13.784946 seconds (0d 0h 0m 13s)

---------------  T H R E A D  ---------------

Current thread (0x0000025a77eb6870):  JavaThread "C2 CompilerThread1" daemon [_thread_in_native, id=16556, stack(0x0000008ad8000000,0x0000008ad8100000)]


Current CompileTask:
C2:  13785 3517   !   4       jdk.internal.loader.URLClassPath$JarLoader::getResource (354 bytes)

Stack: [0x0000008ad8000000,0x0000008ad8100000]
Native frames: (J=compiled Java code, j=interpreted, Vv=VM code, C=native code)
V  [jvm.dll+0x677d0a]
V  [jvm.dll+0x7d8c54]
V  [jvm.dll+0x7da3fe]
V  [jvm.dll+0x7daa63]
V  [jvm.dll+0x245c5f]
V  [jvm.dll+0xaaa6b]
V  [jvm.dll+0xab00c]
V  [jvm.dll+0x361e8e]
V  [jvm.dll+0x32c551]
V  [jvm.dll+0x32b9ea]
V  [jvm.dll+0x217fff]
V  [jvm.dll+0x217431]
V  [jvm.dll+0x1a3af0]
V  [jvm.dll+0x2270be]
V  [jvm.dll+0x22535b]
V  [jvm.dll+0x78e7bc]
V  [jvm.dll+0x788bba]
V  [jvm.dll+0x676b35]
C  [ucrtbase.dll+0x21bb2]
C  [KERNEL32.DLL+0x17614]
C  [ntdll.dll+0x526b1]


---------------  P R O C E S S  ---------------

Threads class SMR info:
_java_thread_list=0x0000025a781d9c60, length=35, elements={
0x0000025a524265f0, 0x0000025a705ead40, 0x0000025a705ebbb0, 0x0000025a705fe240,
0x0000025a705ffe00, 0x0000025a706038d0, 0x0000025a70604280, 0x0000025a70605010,
0x0000025a70610fc0, 0x0000025a7061ddb0, 0x0000025a7083ef20, 0x0000025a7090a4e0,
0x0000025a7628e3f0, 0x0000025a7624c4e0, 0x0000025a75f96770, 0x0000025a769403f0,
0x0000025a76b5af90, 0x0000025a753e99a0, 0x0000025a753ec4f0, 0x0000025a753eace0,
0x0000025a753ece90, 0x0000025a753ea340, 0x0000025a753ed360, 0x0000025a753eb1b0,
0x0000025a753ec020, 0x0000025a753eb680, 0x0000025a753ebb50, 0x0000025a77239080,
0x0000025a7723c0a0, 0x0000025a77237870, 0x0000025a7723d3e0, 0x0000025a77239550,
0x0000025a7723b230, 0x0000025a77eb6870, 0x0000025a7723d8b0
}

Java Threads: ( => current thread )
  0x0000025a524265f0 JavaThread "main" [_thread_blocked, id=5860, stack(0x0000008ad5000000,0x0000008ad5100000)]
  0x0000025a705ead40 JavaThread "Reference Handler" daemon [_thread_blocked, id=17344, stack(0x0000008ad5700000,0x0000008ad5800000)]
  0x0000025a705ebbb0 JavaThread "Finalizer" daemon [_thread_blocked, id=6928, stack(0x0000008ad5800000,0x0000008ad5900000)]
  0x0000025a705fe240 JavaThread "Signal Dispatcher" daemon [_thread_blocked, id=15996, stack(0x0000008ad5900000,0x0000008ad5a00000)]
  0x0000025a705ffe00 JavaThread "Attach Listener" daemon [_thread_blocked, id=13340, stack(0x0000008ad5a00000,0x0000008ad5b00000)]
  0x0000025a706038d0 JavaThread "Service Thread" daemon [_thread_blocked, id=19996, stack(0x0000008ad5b00000,0x0000008ad5c00000)]
  0x0000025a70604280 JavaThread "Monitor Deflation Thread" daemon [_thread_blocked, id=7860, stack(0x0000008ad5c00000,0x0000008ad5d00000)]
  0x0000025a70605010 JavaThread "C2 CompilerThread0" daemon [_thread_in_native, id=10716, stack(0x0000008ad5d00000,0x0000008ad5e00000)]
  0x0000025a70610fc0 JavaThread "C1 CompilerThread0" daemon [_thread_blocked, id=9608, stack(0x0000008ad5e00000,0x0000008ad5f00000)]
  0x0000025a7061ddb0 JavaThread "Sweeper thread" daemon [_thread_blocked, id=20408, stack(0x0000008ad5f00000,0x0000008ad6000000)]
  0x0000025a7083ef20 JavaThread "Common-Cleaner" daemon [_thread_blocked, id=3824, stack(0x0000008ad6000000,0x0000008ad6100000)]
  0x0000025a7090a4e0 JavaThread "Notification Thread" daemon [_thread_blocked, id=7656, stack(0x0000008ad6100000,0x0000008ad6200000)]
  0x0000025a7628e3f0 JavaThread "Daemon health stats" [_thread_blocked, id=15816, stack(0x0000008ad6800000,0x0000008ad6900000)]
  0x0000025a7624c4e0 JavaThread "Incoming local TCP Connector on port 55156" [_thread_in_native, id=6868, stack(0x0000008ad6900000,0x0000008ad6a00000)]
  0x0000025a75f96770 JavaThread "Daemon periodic checks" [_thread_blocked, id=9356, stack(0x0000008ad6a00000,0x0000008ad6b00000)]
  0x0000025a769403f0 JavaThread "Daemon" [_thread_blocked, id=8828, stack(0x0000008ad6b00000,0x0000008ad6c00000)]
  0x0000025a76b5af90 JavaThread "Handler for socket connection from /127.0.0.1:55156 to /127.0.0.1:55157" [_thread_in_native, id=6212, stack(0x0000008ad6c00000,0x0000008ad6d00000)]
  0x0000025a753e99a0 JavaThread "Cancel handler" [_thread_blocked, id=17388, stack(0x0000008ad6d00000,0x0000008ad6e00000)]
  0x0000025a753ec4f0 JavaThread "Daemon worker" [_thread_blocked, id=12360, stack(0x0000008ad6e00000,0x0000008ad6f00000)]
  0x0000025a753eace0 JavaThread "Asynchronous log dispatcher for DefaultDaemonConnection: socket connection from /127.0.0.1:55156 to /127.0.0.1:55157" [_thread_blocked, id=14940, stack(0x0000008ad6f00000,0x0000008ad7000000)]
  0x0000025a753ece90 JavaThread "Stdin handler" [_thread_blocked, id=13788, stack(0x0000008ad7000000,0x0000008ad7100000)]
  0x0000025a753ea340 JavaThread "Daemon client event forwarder" [_thread_blocked, id=1248, stack(0x0000008ad7100000,0x0000008ad7200000)]
  0x0000025a753ed360 JavaThread "Cache worker for journal cache (C:\Users\PC-portable.net\.gradle\caches\journal-1)" [_thread_blocked, id=17336, stack(0x0000008ad7200000,0x0000008ad7300000)]
  0x0000025a753eb1b0 JavaThread "File lock request listener" [_thread_in_native, id=2344, stack(0x0000008ad7300000,0x0000008ad7400000)]
  0x0000025a753ec020 JavaThread "Cache worker for file hash cache (C:\Users\PC-portable.net\.gradle\caches\8.3\fileHashes)" [_thread_blocked, id=20196, stack(0x0000008ad7400000,0x0000008ad7500000)]
  0x0000025a753eb680 JavaThread "File watcher server" daemon [_thread_in_native, id=15372, stack(0x0000008ad6300000,0x0000008ad6400000)]
  0x0000025a753ebb50 JavaThread "File watcher consumer" daemon [_thread_blocked, id=13200, stack(0x0000008ad7800000,0x0000008ad7900000)]
  0x0000025a77239080 JavaThread "Cache worker for checksums cache (C:\Users\PC-portable.net\Documents\Cordova\queltemps\platforms\android\.gradle\8.3\checksums)" [_thread_blocked, id=1980, stack(0x0000008ad7900000,0x0000008ad7a00000)]
  0x0000025a7723c0a0 JavaThread "Cache worker for file hash cache (C:\Users\PC-portable.net\Documents\Cordova\queltemps\platforms\android\.gradle\8.3\fileHashes)" [_thread_blocked, id=13476, stack(0x0000008ad7a00000,0x0000008ad7b00000)]
  0x0000025a77237870 JavaThread "Cache worker for cache directory md-supplier (C:\Users\PC-portable.net\.gradle\caches\8.3\md-supplier)" [_thread_blocked, id=15480, stack(0x0000008ad7b00000,0x0000008ad7c00000)]
  0x0000025a7723d3e0 JavaThread "Cache worker for file content cache (C:\Users\PC-portable.net\.gradle\caches\8.3\fileContent)" [_thread_blocked, id=3504, stack(0x0000008ad7c00000,0x0000008ad7d00000)]
  0x0000025a77239550 JavaThread "Cache worker for cache directory md-rule (C:\Users\PC-portable.net\.gradle\caches\8.3\md-rule)" [_thread_blocked, id=6016, stack(0x0000008ad7e00000,0x0000008ad7f00000)]
  0x0000025a7723b230 JavaThread "Cache worker for execution history cache (C:\Users\PC-portable.net\.gradle\caches\8.3\executionHistory)" [_thread_blocked, id=18576, stack(0x0000008ad7f00000,0x0000008ad8000000)]
=>0x0000025a77eb6870 JavaThread "C2 CompilerThread1" daemon [_thread_in_native, id=16556, stack(0x0000008ad8000000,0x0000008ad8100000)]
  0x0000025a7723d8b0 JavaThread "jar transforms" [_thread_in_vm, id=3700, stack(0x0000008ad8100000,0x0000008ad8200000)]

Other Threads:
  0x0000025a705e5880 VMThread "VM Thread" [stack: 0x0000008ad5600000,0x0000008ad5700000] [id=14724]
  0x0000025a52497bf0 WatcherThread [stack: 0x0000008ad6200000,0x0000008ad6300000] [id=16804]
  0x0000025a52480c90 GCTaskThread "GC Thread#0" [stack: 0x0000008ad5100000,0x0000008ad5200000] [id=15492]
  0x0000025a7523f070 GCTaskThread "GC Thread#1" [stack: 0x0000008ad6400000,0x0000008ad6500000] [id=13576]
  0x0000025a70b288b0 GCTaskThread "GC Thread#2" [stack: 0x0000008ad6500000,0x0000008ad6600000] [id=6192]
  0x0000025a75703070 GCTaskThread "GC Thread#3" [stack: 0x0000008ad6600000,0x0000008ad6700000] [id=20344]
  0x0000025a751e1f30 GCTaskThread "GC Thread#4" [stack: 0x0000008ad6700000,0x0000008ad6800000] [id=11912]
  0x0000025a77fcb110 GCTaskThread "GC Thread#5" [stack: 0x0000008ad7500000,0x0000008ad7600000] [id=9344]
  0x0000025a77fcae60 GCTaskThread "GC Thread#6" [stack: 0x0000008ad7600000,0x0000008ad7700000] [id=19092]
  0x0000025a77fcb920 GCTaskThread "GC Thread#7" [stack: 0x0000008ad7700000,0x0000008ad7800000] [id=15152]
  0x0000025a52491bd0 ConcurrentGCThread "G1 Main Marker" [stack: 0x0000008ad5200000,0x0000008ad5300000] [id=15104]
  0x0000025a524925e0 ConcurrentGCThread "G1 Conc#0" [stack: 0x0000008ad5300000,0x0000008ad5400000] [id=19504]
  0x0000025a77fca0f0 ConcurrentGCThread "G1 Conc#1" [stack: 0x0000008ad7d00000,0x0000008ad7e00000] [id=16928]
  0x0000025a704a00a0 ConcurrentGCThread "G1 Refine#0" [stack: 0x0000008ad5400000,0x0000008ad5500000] [id=14388]
  0x0000025a704a09d0 ConcurrentGCThread "G1 Service" [stack: 0x0000008ad5500000,0x0000008ad5600000] [id=8036]

Threads with active compile tasks:
C2 CompilerThread0    13848 3477       4       java.util.regex.Pattern::compile (500 bytes)
C2 CompilerThread1    13848 3517   !   4       jdk.internal.loader.URLClassPath$JarLoader::getResource (354 bytes)

VM state: not at safepoint (normal execution)

VM Mutex/Monitor currently owned by a thread: None

Heap address: 0x0000000080000000, size: 2048 MB, Compressed Oops mode: 32-bit

CDS archive(s) mapped at: [0x0000025a00000000-0x0000025a00bd0000-0x0000025a00bd0000), size 12386304, SharedBaseAddress: 0x0000025a00000000, ArchiveRelocationMode: 1.
Compressed class space mapped at: 0x0000025a01000000-0x0000025a41000000, reserved size: 1073741824
Narrow klass base: 0x0000025a00000000, Narrow klass shift: 0, Narrow klass range: 0x100000000

GC Precious Log:
 CPUs: 8 total, 8 available
 Memory: 8142M
 Large Page Support: Disabled
 NUMA Support: Disabled
 Compressed Oops: Enabled (32-bit)
 Heap Region Size: 1M
 Heap Min Capacity: 8M
 Heap Initial Capacity: 128M
 Heap Max Capacity: 2G
 Pre-touch: Disabled
 Parallel Workers: 8
 Concurrent Workers: 2
 Concurrent Refinement Workers: 8
 Periodic GC: Disabled

Heap:
 garbage-first heap   total 81920K, used 44841K [0x0000000080000000, 0x0000000100000000)
  region size 1024K, 26 young (26624K), 6 survivors (6144K)
 Metaspace       used 30482K, committed 30912K, reserved 1114112K
  class space    used 4282K, committed 4480K, reserved 1048576K

Heap Regions: E=young(eden), S=young(survivor), O=old, HS=humongous(starts), HC=humongous(continues), CS=collection set, F=free, OA=open archive, CA=closed archive, TAMS=top-at-mark-start (previous, next)
|   0|0x0000000080000000, 0x0000000080100000, 0x0000000080100000|100%|HS|  |TAMS 0x0000000080100000, 0x0000000080000000| Complete 
|   1|0x0000000080100000, 0x0000000080200000, 0x0000000080200000|100%|HC|  |TAMS 0x0000000080200000, 0x0000000080100000| Complete 
|   2|0x0000000080200000, 0x0000000080300000, 0x0000000080300000|100%|HC|  |TAMS 0x0000000080300000, 0x0000000080200000| Complete 
|   3|0x0000000080300000, 0x0000000080400000, 0x0000000080400000|100%|HC|  |TAMS 0x0000000080400000, 0x0000000080300000| Complete 
|   4|0x0000000080400000, 0x0000000080500000, 0x0000000080500000|100%| O|  |TAMS 0x0000000080500000, 0x0000000080400000| Untracked 
|   5|0x0000000080500000, 0x0000000080600000, 0x0000000080600000|100%| O|  |TAMS 0x0000000080600000, 0x0000000080500000| Untracked 
|   6|0x0000000080600000, 0x0000000080700000, 0x0000000080700000|100%| O|  |TAMS 0x0000000080700000, 0x0000000080600000| Untracked 
|   7|0x0000000080700000, 0x0000000080800000, 0x0000000080800000|100%| O|  |TAMS 0x0000000080800000, 0x0000000080700000| Untracked 
|   8|0x0000000080800000, 0x0000000080900000, 0x0000000080900000|100%| O|  |TAMS 0x0000000080800000, 0x0000000080800000| Untracked 
|   9|0x0000000080900000, 0x0000000080a00000, 0x0000000080a00000|100%| O|  |TAMS 0x0000000080a00000, 0x0000000080900000| Untracked 
|  10|0x0000000080a00000, 0x0000000080b00000, 0x0000000080b00000|100%| O|  |TAMS 0x0000000080b00000, 0x0000000080a00000| Untracked 
|  11|0x0000000080b00000, 0x0000000080c00000, 0x0000000080c00000|100%| O|  |TAMS 0x0000000080bf5000, 0x0000000080b00000| Untracked 
|  12|0x0000000080c00000, 0x0000000080d00000, 0x0000000080d00000|100%| O|  |TAMS 0x0000000080c00000, 0x0000000080c00000| Untracked 
|  13|0x0000000080d00000, 0x0000000080e00000, 0x0000000080e00000|100%| O|  |TAMS 0x0000000080d00000, 0x0000000080d00000| Untracked 
|  14|0x0000000080e00000, 0x0000000080f00000, 0x0000000080f00000|100%| O|  |TAMS 0x0000000080e00000, 0x0000000080e00000| Untracked 
|  15|0x0000000080f00000, 0x0000000081000000, 0x0000000081000000|100%| O|  |TAMS 0x0000000080f00000, 0x0000000080f00000| Untracked 
|  16|0x0000000081000000, 0x0000000081100000, 0x0000000081100000|100%| O|  |TAMS 0x0000000081000000, 0x0000000081000000| Untracked 
|  17|0x0000000081100000, 0x0000000081200000, 0x0000000081200000|100%| O|  |TAMS 0x0000000081100000, 0x0000000081100000| Untracked 
|  18|0x0000000081200000, 0x0000000081300000, 0x0000000081300000|100%| O|  |TAMS 0x0000000081200000, 0x0000000081200000| Untracked 
|  19|0x0000000081300000, 0x0000000081400000, 0x0000000081400000|100%| O|  |TAMS 0x0000000081300000, 0x0000000081300000| Untracked 
|  20|0x0000000081400000, 0x0000000081454600, 0x0000000081500000| 32%| O|  |TAMS 0x0000000081400000, 0x0000000081400000| Untracked 
|  21|0x0000000081500000, 0x0000000081500000, 0x0000000081600000|  0%| F|  |TAMS 0x0000000081500000, 0x0000000081500000| Untracked 
|  22|0x0000000081600000, 0x0000000081600000, 0x0000000081700000|  0%| F|  |TAMS 0x0000000081600000, 0x0000000081600000| Untracked 
|  23|0x0000000081700000, 0x0000000081700000, 0x0000000081800000|  0%| F|  |TAMS 0x0000000081700000, 0x0000000081700000| Untracked 
|  24|0x0000000081800000, 0x0000000081800000, 0x0000000081900000|  0%| F|  |TAMS 0x0000000081800000, 0x0000000081800000| Untracked 
|  25|0x0000000081900000, 0x0000000081900000, 0x0000000081a00000|  0%| F|  |TAMS 0x0000000081900000, 0x0000000081900000| Untracked 
|  26|0x0000000081a00000, 0x0000000081a76058, 0x0000000081b00000| 46%| S|CS|TAMS 0x0000000081a00000, 0x0000000081a00000| Complete 
|  27|0x0000000081b00000, 0x0000000081c00000, 0x0000000081c00000|100%| S|CS|TAMS 0x0000000081b00000, 0x0000000081b00000| Complete 
|  28|0x0000000081c00000, 0x0000000081d00000, 0x0000000081d00000|100%| S|CS|TAMS 0x0000000081c00000, 0x0000000081c00000| Complete 
|  29|0x0000000081d00000, 0x0000000081e00000, 0x0000000081e00000|100%| S|CS|TAMS 0x0000000081d00000, 0x0000000081d00000| Complete 
|  30|0x0000000081e00000, 0x0000000081f00000, 0x0000000081f00000|100%| S|CS|TAMS 0x0000000081e00000, 0x0000000081e00000| Complete 
|  31|0x0000000081f00000, 0x0000000082000000, 0x0000000082000000|100%| S|CS|TAMS 0x0000000081f00000, 0x0000000081f00000| Complete 
|  32|0x0000000082000000, 0x0000000082000000, 0x0000000082100000|  0%| F|  |TAMS 0x0000000082000000, 0x0000000082000000| Untracked 
|  33|0x0000000082100000, 0x0000000082100000, 0x0000000082200000|  0%| F|  |TAMS 0x0000000082100000, 0x0000000082100000| Untracked 
|  34|0x0000000082200000, 0x0000000082200000, 0x0000000082300000|  0%| F|  |TAMS 0x0000000082200000, 0x0000000082200000| Untracked 
|  35|0x0000000082300000, 0x0000000082300000, 0x0000000082400000|  0%| F|  |TAMS 0x0000000082300000, 0x0000000082300000| Untracked 
|  36|0x0000000082400000, 0x0000000082400000, 0x0000000082500000|  0%| F|  |TAMS 0x0000000082400000, 0x0000000082400000| Untracked 
|  37|0x0000000082500000, 0x0000000082500000, 0x0000000082600000|  0%| F|  |TAMS 0x0000000082500000, 0x0000000082500000| Untracked 
|  38|0x0000000082600000, 0x0000000082600000, 0x0000000082700000|  0%| F|  |TAMS 0x0000000082600000, 0x0000000082600000| Untracked 
|  39|0x0000000082700000, 0x0000000082700000, 0x0000000082800000|  0%| F|  |TAMS 0x0000000082700000, 0x0000000082700000| Untracked 
|  40|0x0000000082800000, 0x0000000082800000, 0x0000000082900000|  0%| F|  |TAMS 0x0000000082800000, 0x0000000082800000| Untracked 
|  41|0x0000000082900000, 0x0000000082900000, 0x0000000082a00000|  0%| F|  |TAMS 0x0000000082900000, 0x0000000082900000| Untracked 
|  42|0x0000000082a00000, 0x0000000082a00000, 0x0000000082b00000|  0%| F|  |TAMS 0x0000000082a00000, 0x0000000082a00000| Untracked 
|  43|0x0000000082b00000, 0x0000000082b00000, 0x0000000082c00000|  0%| F|  |TAMS 0x0000000082b00000, 0x0000000082b00000| Untracked 
|  44|0x0000000082c00000, 0x0000000082c00000, 0x0000000082d00000|  0%| F|  |TAMS 0x0000000082c00000, 0x0000000082c00000| Untracked 
|  45|0x0000000082d00000, 0x0000000082d00000, 0x0000000082e00000|  0%| F|  |TAMS 0x0000000082d00000, 0x0000000082d00000| Untracked 
|  46|0x0000000082e00000, 0x0000000082e00000, 0x0000000082f00000|  0%| F|  |TAMS 0x0000000082e00000, 0x0000000082e00000| Untracked 
|  47|0x0000000082f00000, 0x0000000082f00000, 0x0000000083000000|  0%| F|  |TAMS 0x0000000082f00000, 0x0000000082f00000| Untracked 
|  48|0x0000000083000000, 0x0000000083000000, 0x0000000083100000|  0%| F|  |TAMS 0x0000000083000000, 0x0000000083000000| Untracked 
|  49|0x0000000083100000, 0x0000000083100000, 0x0000000083200000|  0%| F|  |TAMS 0x0000000083100000, 0x0000000083100000| Untracked 
|  50|0x0000000083200000, 0x0000000083200000, 0x0000000083300000|  0%| F|  |TAMS 0x0000000083200000, 0x0000000083200000| Untracked 
|  51|0x0000000083300000, 0x0000000083300000, 0x0000000083400000|  0%| F|  |TAMS 0x0000000083300000, 0x0000000083300000| Untracked 
|  52|0x0000000083400000, 0x0000000083400000, 0x0000000083500000|  0%| F|  |TAMS 0x0000000083400000, 0x0000000083400000| Untracked 
|  53|0x0000000083500000, 0x0000000083500000, 0x0000000083600000|  0%| F|  |TAMS 0x0000000083500000, 0x0000000083500000| Untracked 
|  54|0x0000000083600000, 0x0000000083600000, 0x0000000083700000|  0%| F|  |TAMS 0x0000000083600000, 0x0000000083600000| Untracked 
|  55|0x0000000083700000, 0x0000000083700000, 0x0000000083800000|  0%| F|  |TAMS 0x0000000083700000, 0x0000000083700000| Untracked 
|  56|0x0000000083800000, 0x0000000083800000, 0x0000000083900000|  0%| F|  |TAMS 0x0000000083800000, 0x0000000083800000| Untracked 
|  57|0x0000000083900000, 0x0000000083900000, 0x0000000083a00000|  0%| F|  |TAMS 0x0000000083900000, 0x0000000083900000| Untracked 
|  58|0x0000000083a00000, 0x0000000083a00000, 0x0000000083b00000|  0%| F|  |TAMS 0x0000000083a00000, 0x0000000083a00000| Untracked 
|  59|0x0000000083b00000, 0x0000000083b00000, 0x0000000083c00000|  0%| F|  |TAMS 0x0000000083b00000, 0x0000000083b00000| Untracked 
|  60|0x0000000083c00000, 0x0000000083cf21e0, 0x0000000083d00000| 94%| E|  |TAMS 0x0000000083c00000, 0x0000000083c00000| Complete 
|  61|0x0000000083d00000, 0x0000000083e00000, 0x0000000083e00000|100%| E|CS|TAMS 0x0000000083d00000, 0x0000000083d00000| Complete 
|  62|0x0000000083e00000, 0x0000000083f00000, 0x0000000083f00000|100%| E|  |TAMS 0x0000000083e00000, 0x0000000083e00000| Complete 
|  63|0x0000000083f00000, 0x0000000084000000, 0x0000000084000000|100%| E|CS|TAMS 0x0000000083f00000, 0x0000000083f00000| Complete 
|  64|0x0000000084000000, 0x0000000084100000, 0x0000000084100000|100%| E|CS|TAMS 0x0000000084000000, 0x0000000084000000| Complete 
|  65|0x0000000084100000, 0x0000000084200000, 0x0000000084200000|100%| E|CS|TAMS 0x0000000084100000, 0x0000000084100000| Complete 
|  66|0x0000000084200000, 0x0000000084300000, 0x0000000084300000|100%| E|CS|TAMS 0x0000000084200000, 0x0000000084200000| Complete 
|  67|0x0000000084300000, 0x0000000084400000, 0x0000000084400000|100%| E|CS|TAMS 0x0000000084300000, 0x0000000084300000| Complete 
|  68|0x0000000084400000, 0x0000000084500000, 0x0000000084500000|100%| E|CS|TAMS 0x0000000084400000, 0x0000000084400000| Complete 
|  69|0x0000000084500000, 0x0000000084600000, 0x0000000084600000|100%| E|CS|TAMS 0x0000000084500000, 0x0000000084500000| Complete 
|  70|0x0000000084600000, 0x0000000084700000, 0x0000000084700000|100%| E|CS|TAMS 0x0000000084600000, 0x0000000084600000| Complete 
|  71|0x0000000084700000, 0x0000000084800000, 0x0000000084800000|100%| E|CS|TAMS 0x0000000084700000, 0x0000000084700000| Complete 
|  72|0x0000000084800000, 0x0000000084900000, 0x0000000084900000|100%| E|CS|TAMS 0x0000000084800000, 0x0000000084800000| Complete 
|  73|0x0000000084900000, 0x0000000084a00000, 0x0000000084a00000|100%| E|CS|TAMS 0x0000000084900000, 0x0000000084900000| Complete 
|  74|0x0000000084a00000, 0x0000000084b00000, 0x0000000084b00000|100%| E|CS|TAMS 0x0000000084a00000, 0x0000000084a00000| Complete 
|  75|0x0000000084b00000, 0x0000000084c00000, 0x0000000084c00000|100%| E|CS|TAMS 0x0000000084b00000, 0x0000000084b00000| Complete 
|  76|0x0000000084c00000, 0x0000000084d00000, 0x0000000084d00000|100%| E|CS|TAMS 0x0000000084c00000, 0x0000000084c00000| Complete 
|  97|0x0000000086100000, 0x0000000086200000, 0x0000000086200000|100%| E|CS|TAMS 0x0000000086100000, 0x0000000086100000| Complete 
|  98|0x0000000086200000, 0x0000000086300000, 0x0000000086300000|100%| E|CS|TAMS 0x0000000086200000, 0x0000000086200000| Complete 
| 127|0x0000000087f00000, 0x0000000088000000, 0x0000000088000000|100%| E|CS|TAMS 0x0000000087f00000, 0x0000000087f00000| Complete 

Card table byte_map: [0x0000025a69400000,0x0000025a69800000] _byte_map_base: 0x0000025a69000000

Marking Bits (Prev, Next): (CMBitMap*) 0x0000025a524812e0, (CMBitMap*) 0x0000025a524812a0
 Prev Bits: [0x0000025a6bc00000, 0x0000025a6dc00000)
 Next Bits: [0x0000025a69c00000, 0x0000025a6bc00000)

Polling page: 0x0000025a50360000

Metaspace:

Usage:
  Non-class:     25.61 MB used.
      Class:      4.19 MB used.
       Both:     29.80 MB used.

Virtual space:
  Non-class space:       64.00 MB reserved,      25.81 MB ( 40%) committed,  1 nodes.
      Class space:        1.00 GB reserved,       4.38 MB ( <1%) committed,  1 nodes.
             Both:        1.06 GB reserved,      30.19 MB (  3%) committed. 

Chunk freelists:
   Non-Class:  5.60 MB
       Class:  11.53 MB
        Both:  17.13 MB

MaxMetaspaceSize: unlimited
CompressedClassSpaceSize: 1.00 GB
Initial GC threshold: 21.00 MB
Current GC threshold: 35.25 MB
CDS: on
MetaspaceReclaimPolicy: balanced
 - commit_granule_bytes: 65536.
 - commit_granule_words: 8192.
 - virtual_space_node_default_size: 8388608.
 - enlarge_chunks_in_place: 1.
 - new_chunks_are_fully_committed: 0.
 - uncommit_free_chunks: 1.
 - use_allocation_guard: 0.
 - handle_deallocations: 1.


Internal statistics:

num_allocs_failed_limit: 3.
num_arena_births: 308.
num_arena_deaths: 0.
num_vsnodes_births: 2.
num_vsnodes_deaths: 0.
num_space_committed: 483.
num_space_uncommitted: 0.
num_chunks_returned_to_freelist: 3.
num_chunks_taken_from_freelist: 1340.
num_chunk_merges: 3.
num_chunk_splits: 917.
num_chunks_enlarged: 665.
num_purges: 0.
num_inconsistent_stats: 0.

CodeHeap 'non-profiled nmethods': size=120000Kb used=1809Kb max_used=1809Kb free=118190Kb
 bounds [0x0000025a617a0000, 0x0000025a61a10000, 0x0000025a68cd0000]
CodeHeap 'profiled nmethods': size=120000Kb used=7313Kb max_used=7313Kb free=112686Kb
 bounds [0x0000025a59cd0000, 0x0000025a5a400000, 0x0000025a61200000]
CodeHeap 'non-nmethods': size=5760Kb used=1594Kb max_used=1633Kb free=4165Kb
 bounds [0x0000025a61200000, 0x0000025a61470000, 0x0000025a617a0000]
 total_blobs=4202 nmethods=3543 adapters=571
 compilation: enabled
              stopped_count=0, restarted_count=0
 full_count=0

Compilation events (20 events):
Event: 13.709 Thread 0x0000025a70610fc0 3524       3       java.lang.ThreadLocal::set (30 bytes)
Event: 13.709 Thread 0x0000025a70610fc0 nmethod 3524 0x0000025a5a3e6490 code [0x0000025a5a3e6660, 0x0000025a5a3e69f8]
Event: 13.712 Thread 0x0000025a70610fc0 3525   !   3       jdk.internal.loader.Resource::getBytes (244 bytes)
Event: 13.714 Thread 0x0000025a70610fc0 nmethod 3525 0x0000025a5a3e6b90 code [0x0000025a5a3e6e80, 0x0000025a5a3e82e8]
Event: 13.720 Thread 0x0000025a70610fc0 3527       3       java.lang.Exception::<init> (6 bytes)
Event: 13.721 Thread 0x0000025a70610fc0 nmethod 3527 0x0000025a5a3e8b90 code [0x0000025a5a3e8d60, 0x0000025a5a3e9188]
Event: 13.724 Thread 0x0000025a70610fc0 3528   !   2       java.net.URLClassLoader::findClass (47 bytes)
Event: 13.724 Thread 0x0000025a70610fc0 nmethod 3528 0x0000025a5a3e9290 code [0x0000025a5a3e9460, 0x0000025a5a3e9918]
Event: 13.724 Thread 0x0000025a70610fc0 3529   !   2       java.net.URLClassLoader$1::run (81 bytes)
Event: 13.726 Thread 0x0000025a70610fc0 nmethod 3529 0x0000025a5a3e9b10 code [0x0000025a5a3e9da0, 0x0000025a5a3ea538]
Event: 13.727 Thread 0x0000025a70610fc0 3530       3       sun.nio.fs.WindowsPath::elementAsString (62 bytes)
Event: 13.727 Thread 0x0000025a70610fc0 nmethod 3530 0x0000025a5a3eaa10 code [0x0000025a5a3eac20, 0x0000025a5a3eb0c8]
Event: 13.728 Thread 0x0000025a70610fc0 3531       1       sun.nio.fs.WindowsPath::toString (5 bytes)
Event: 13.728 Thread 0x0000025a70610fc0 nmethod 3531 0x0000025a61962e10 code [0x0000025a61962fa0, 0x0000025a61963078]
Event: 13.730 Thread 0x0000025a70610fc0 3532       3       java.lang.ClassLoader::getClassLoadingLock (35 bytes)
Event: 13.731 Thread 0x0000025a70610fc0 nmethod 3532 0x0000025a5a3eb410 code [0x0000025a5a3eb5c0, 0x0000025a5a3eb8a8]
Event: 13.750 Thread 0x0000025a70610fc0 3533   !   3       java.net.URLClassLoader::defineClass (224 bytes)
Event: 13.753 Thread 0x0000025a70610fc0 nmethod 3533 0x0000025a5a3eba10 code [0x0000025a5a3ebe20, 0x0000025a5a3eda98]
Event: 13.764 Thread 0x0000025a70610fc0 3534       3       sun.nio.fs.WindowsPath::isEmpty (8 bytes)
Event: 13.764 Thread 0x0000025a70610fc0 nmethod 3534 0x0000025a5a3ee490 code [0x0000025a5a3ee640, 0x0000025a5a3ee818]

GC Heap History (10 events):
Event: 0.993 GC heap before
{Heap before GC invocations=0 (full 0):
 garbage-first heap   total 131072K, used 26624K [0x0000000080000000, 0x0000000100000000)
  region size 1024K, 23 young (23552K), 0 survivors (0K)
 Metaspace       used 3239K, committed 3328K, reserved 1114112K
  class space    used 405K, committed 448K, reserved 1048576K
}
Event: 0.999 GC heap after
{Heap after GC invocations=1 (full 0):
 garbage-first heap   total 131072K, used 10480K [0x0000000080000000, 0x0000000100000000)
  region size 1024K, 3 young (3072K), 3 survivors (3072K)
 Metaspace       used 3239K, committed 3328K, reserved 1114112K
  class space    used 405K, committed 448K, reserved 1048576K
}
Event: 7.787 GC heap before
{Heap before GC invocations=1 (full 0):
 garbage-first heap   total 131072K, used 39152K [0x0000000080000000, 0x0000000100000000)
  region size 1024K, 30 young (30720K), 3 survivors (3072K)
 Metaspace       used 4141K, committed 4352K, reserved 1114112K
  class space    used 513K, committed 640K, reserved 1048576K
}
Event: 7.794 GC heap after
{Heap after GC invocations=2 (full 0):
 garbage-first heap   total 131072K, used 15316K [0x0000000080000000, 0x0000000100000000)
  region size 1024K, 4 young (4096K), 4 survivors (4096K)
 Metaspace       used 4141K, committed 4352K, reserved 1114112K
  class space    used 513K, committed 640K, reserved 1048576K
}
Event: 11.058 GC heap before
{Heap before GC invocations=2 (full 0):
 garbage-first heap   total 131072K, used 89044K [0x0000000080000000, 0x0000000100000000)
  region size 1024K, 76 young (77824K), 4 survivors (4096K)
 Metaspace       used 17500K, committed 17792K, reserved 1114112K
  class space    used 2549K, committed 2688K, reserved 1048576K
}
Event: 11.070 GC heap after
{Heap after GC invocations=3 (full 0):
 garbage-first heap   total 131072K, used 21170K [0x0000000080000000, 0x0000000100000000)
  region size 1024K, 10 young (10240K), 10 survivors (10240K)
 Metaspace       used 17500K, committed 17792K, reserved 1114112K
  class space    used 2549K, committed 2688K, reserved 1048576K
}
Event: 11.947 GC heap before
{Heap before GC invocations=3 (full 0):
 garbage-first heap   total 131072K, used 49842K [0x0000000080000000, 0x0000000100000000)
  region size 1024K, 39 young (39936K), 10 survivors (10240K)
 Metaspace       used 21176K, committed 21504K, reserved 1114112K
  class space    used 3132K, committed 3328K, reserved 1048576K
}
Event: 11.959 GC heap after
{Heap after GC invocations=4 (full 0):
 garbage-first heap   total 131072K, used 22778K [0x0000000080000000, 0x0000000100000000)
  region size 1024K, 2 young (2048K), 2 survivors (2048K)
 Metaspace       used 21176K, committed 21504K, reserved 1114112K
  class space    used 3132K, committed 3328K, reserved 1048576K
}
Event: 13.541 GC heap before
{Heap before GC invocations=5 (full 0):
 garbage-first heap   total 81920K, used 68858K [0x0000000080000000, 0x0000000100000000)
  region size 1024K, 48 young (49152K), 2 survivors (2048K)
 Metaspace       used 29639K, committed 30016K, reserved 1114112K
  class space    used 4163K, committed 4352K, reserved 1048576K
}
Event: 13.549 GC heap after
{Heap after GC invocations=6 (full 0):
 garbage-first heap   total 81920K, used 26409K [0x0000000080000000, 0x0000000100000000)
  region size 1024K, 6 young (6144K), 6 survivors (6144K)
 Metaspace       used 29639K, committed 30016K, reserved 1114112K
  class space    used 4163K, committed 4352K, reserved 1048576K
}

Deoptimization events (20 events):
Event: 13.178 Thread 0x0000025a753ec4f0 Uncommon trap: trap_request=0xffffffbe fr.pc=0x0000025a6188d254 relative=0x0000000000005094
Event: 13.178 Thread 0x0000025a753ec4f0 Uncommon trap: reason=profile_predicate action=maybe_recompile pc=0x0000025a6188d254 method=java.util.AbstractCollection.addAll(Ljava/util/Collection;)Z @ 15 c2
Event: 13.178 Thread 0x0000025a753ec4f0 DEOPT PACKING pc=0x0000025a6188d254 sp=0x0000008ad6ef90b0
Event: 13.178 Thread 0x0000025a753ec4f0 DEOPT UNPACKING pc=0x0000025a612523a3 sp=0x0000008ad6ef90b8 mode 2
Event: 13.289 Thread 0x0000025a753ec4f0 Uncommon trap: trap_request=0xffffff45 fr.pc=0x0000025a618c97e4 relative=0x00000000000058e4
Event: 13.289 Thread 0x0000025a753ec4f0 Uncommon trap: reason=unstable_if action=reinterpret pc=0x0000025a618c97e4 method=java.lang.ClassLoader.getClassLoadingLock(Ljava/lang/String;)Ljava/lang/Object; @ 6 c2
Event: 13.289 Thread 0x0000025a753ec4f0 DEOPT PACKING pc=0x0000025a618c97e4 sp=0x0000008ad6ef90d0
Event: 13.289 Thread 0x0000025a753ec4f0 DEOPT UNPACKING pc=0x0000025a612523a3 sp=0x0000008ad6ef9100 mode 2
Event: 13.313 Thread 0x0000025a753ec4f0 Uncommon trap: trap_request=0xffffffc6 fr.pc=0x0000025a618faeb0 relative=0x0000000000003d90
Event: 13.313 Thread 0x0000025a753ec4f0 Uncommon trap: reason=bimorphic_or_optimized_type_check action=maybe_recompile pc=0x0000025a618faeb0 method=java.net.URL.<init>(Ljava/net/URL;Ljava/lang/String;Ljava/net/URLStreamHandler;)V @ 504 c2
Event: 13.313 Thread 0x0000025a753ec4f0 DEOPT PACKING pc=0x0000025a618faeb0 sp=0x0000008ad6ef8850
Event: 13.313 Thread 0x0000025a753ec4f0 DEOPT UNPACKING pc=0x0000025a612523a3 sp=0x0000008ad6ef87f0 mode 2
Event: 13.494 Thread 0x0000025a753ec4f0 Uncommon trap: trap_request=0xffffff45 fr.pc=0x0000025a618a1100 relative=0x00000000000000e0
Event: 13.494 Thread 0x0000025a753ec4f0 Uncommon trap: reason=unstable_if action=reinterpret pc=0x0000025a618a1100 method=java.lang.ClassLoader.getClassLoadingLock(Ljava/lang/String;)Ljava/lang/Object; @ 6 c2
Event: 13.494 Thread 0x0000025a753ec4f0 DEOPT PACKING pc=0x0000025a618a1100 sp=0x0000008ad6ef9160
Event: 13.494 Thread 0x0000025a753ec4f0 DEOPT UNPACKING pc=0x0000025a612523a3 sp=0x0000008ad6ef9100 mode 2
Event: 13.704 Thread 0x0000025a753ec4f0 Uncommon trap: trap_request=0xffffffbe fr.pc=0x0000025a6188d254 relative=0x0000000000005094
Event: 13.704 Thread 0x0000025a753ec4f0 Uncommon trap: reason=profile_predicate action=maybe_recompile pc=0x0000025a6188d254 method=java.util.AbstractCollection.addAll(Ljava/util/Collection;)Z @ 15 c2
Event: 13.704 Thread 0x0000025a753ec4f0 DEOPT PACKING pc=0x0000025a6188d254 sp=0x0000008ad6efa620
Event: 13.704 Thread 0x0000025a753ec4f0 DEOPT UNPACKING pc=0x0000025a612523a3 sp=0x0000008ad6efa628 mode 2

Classes unloaded (0 events):
No events

Classes redefined (0 events):
No events

Internal exceptions (20 events):
Event: 12.782 Thread 0x0000025a753ec4f0 Exception <a 'java/lang/NoSuchMethodError'{0x000000008310f108}: 'void java.lang.invoke.DirectMethodHandle$Holder.invokeStaticInit(java.lang.Object, java.lang.Object, java.lang.Object, java.lang.Object)'> (0x000000008310f108) 
thrown [s\open\src\hotspot\share\interpreter\linkResolver.cpp, line 759]
Event: 12.785 Thread 0x0000025a753ec4f0 Exception <a 'java/lang/NoSuchMethodError'{0x00000000831313f0}: 'void java.lang.invoke.DirectMethodHandle$Holder.invokeStaticInit(java.lang.Object, java.lang.Object, java.lang.Object, java.lang.Object, java.lang.Object)'> (0x00000000831313f0) 
thrown [s\open\src\hotspot\share\interpreter\linkResolver.cpp, line 759]
Event: 12.786 Thread 0x0000025a753ec4f0 Exception <a 'java/lang/NoSuchMethodError'{0x00000000831391b8}: 'int java.lang.invoke.DirectMethodHandle$Holder.invokeStaticInit(java.lang.Object, java.lang.Object, java.lang.Object)'> (0x00000000831391b8) 
thrown [s\open\src\hotspot\share\interpreter\linkResolver.cpp, line 759]
Event: 12.806 Thread 0x0000025a753ec4f0 Exception <a 'java/lang/NoSuchMethodError'{0x0000000083190a40}: 'int java.lang.invoke.DirectMethodHandle$Holder.invokeStaticInit(java.lang.Object, java.lang.Object, java.lang.Object, java.lang.Object)'> (0x0000000083190a40) 
thrown [s\open\src\hotspot\share\interpreter\linkResolver.cpp, line 759]
Event: 13.152 Thread 0x0000025a753ec4f0 Exception <a 'java/lang/ClassNotFoundException'{0x00000000828ab2e0}: groovy/lang/ExpandoMetaClassBeanInfo> (0x00000000828ab2e0) 
thrown [s\open\src\hotspot\share\classfile\systemDictionary.cpp, line 256]
Event: 13.153 Thread 0x0000025a753ec4f0 Exception <a 'java/lang/ClassNotFoundException'{0x00000000828c1318}: groovy/lang/MetaClassImplBeanInfo> (0x00000000828c1318) 
thrown [s\open\src\hotspot\share\classfile\systemDictionary.cpp, line 256]
Event: 13.153 Thread 0x0000025a753ec4f0 Exception <a 'java/lang/ClassNotFoundException'{0x00000000828c6450}: java/lang/ObjectBeanInfo> (0x00000000828c6450) 
thrown [s\open\src\hotspot\share\classfile\systemDictionary.cpp, line 256]
Event: 13.155 Thread 0x0000025a753ec4f0 Exception <a 'java/lang/ClassNotFoundException'{0x00000000828cc7c0}: java/lang/ObjectCustomizer> (0x00000000828cc7c0) 
thrown [s\open\src\hotspot\share\classfile\systemDictionary.cpp, line 256]
Event: 13.163 Thread 0x0000025a753ec4f0 Exception <a 'java/lang/IncompatibleClassChangeError'{0x00000000828dc258}: Found class java.lang.Object, but interface was expected> (0x00000000828dc258) 
thrown [s\open\src\hotspot\share\interpreter\linkResolver.cpp, line 826]
Event: 13.168 Thread 0x0000025a753ec4f0 Exception <a 'java/lang/ClassNotFoundException'{0x0000000082701520}: groovy/lang/MetaClassImplCustomizer> (0x0000000082701520) 
thrown [s\open\src\hotspot\share\classfile\systemDictionary.cpp, line 256]
Event: 13.173 Thread 0x0000025a753ec4f0 Exception <a 'java/lang/ClassNotFoundException'{0x0000000082736bf8}: groovy/lang/ExpandoMetaClassCustomizer> (0x0000000082736bf8) 
thrown [s\open\src\hotspot\share\classfile\systemDictionary.cpp, line 256]
Event: 13.408 Thread 0x0000025a753ec4f0 Exception <a 'java/lang/NoSuchMethodError'{0x00000000822d45f8}: 'java.lang.Object java.lang.invoke.DirectMethodHandle$Holder.invokeStatic(java.lang.Object, int, java.lang.Object)'> (0x00000000822d45f8) 
thrown [s\open\src\hotspot\share\interpreter\linkResolver.cpp, line 759]
Event: 13.698 Thread 0x0000025a753ec4f0 Exception <a 'java/lang/ClassNotFoundException'{0x00000000841e09d8}: org/gradle/internal/extensibility/DefaultExtraPropertiesExtensionBeanInfo> (0x00000000841e09d8) 
thrown [s\open\src\hotspot\share\classfile\systemDictionary.cpp, line 256]
Event: 13.699 Thread 0x0000025a753ec4f0 Exception <a 'java/lang/ClassNotFoundException'{0x00000000841f6ae0}: groovy/lang/GroovyObjectSupportBeanInfo> (0x00000000841f6ae0) 
thrown [s\open\src\hotspot\share\classfile\systemDictionary.cpp, line 256]
Event: 13.700 Thread 0x0000025a753ec4f0 Exception <a 'java/lang/ClassNotFoundException'{0x000000008400d0c8}: groovy/lang/GroovyObjectSupportCustomizer> (0x000000008400d0c8) 
thrown [s\open\src\hotspot\share\classfile\systemDictionary.cpp, line 256]
Event: 13.703 Thread 0x0000025a753ec4f0 Exception <a 'java/lang/ClassNotFoundException'{0x0000000084026928}: org/gradle/internal/extensibility/DefaultExtraPropertiesExtensionCustomizer> (0x0000000084026928) 
thrown [s\open\src\hotspot\share\classfile\systemDictionary.cpp, line 256]
Event: 13.715 Thread 0x0000025a753ec4f0 Exception <a 'sun/nio/fs/WindowsException'{0x000000008406c350}> (0x000000008406c350) 
thrown [s\open\src\hotspot\share\prims\jni.cpp, line 516]
Event: 13.717 Thread 0x0000025a753ec4f0 Exception <a 'sun/nio/fs/WindowsException'{0x000000008406d968}> (0x000000008406d968) 
thrown [s\open\src\hotspot\share\prims\jni.cpp, line 516]
Event: 13.719 Thread 0x0000025a753ec4f0 Exception <a 'sun/nio/fs/WindowsException'{0x000000008406f1b0}> (0x000000008406f1b0) 
thrown [s\open\src\hotspot\share\prims\jni.cpp, line 516]
Event: 13.720 Thread 0x0000025a753ec4f0 Exception <a 'sun/nio/fs/WindowsException'{0x00000000840707b0}> (0x00000000840707b0) 
thrown [s\open\src\hotspot\share\prims\jni.cpp, line 516]

VM Operations (20 events):
Event: 13.048 Executing VM operation: HandshakeAllThreads
Event: 13.048 Executing VM operation: HandshakeAllThreads done
Event: 13.048 Executing VM operation: Cleanup
Event: 13.048 Executing VM operation: Cleanup done
Event: 13.127 Executing VM operation: HandshakeAllThreads
Event: 13.127 Executing VM operation: HandshakeAllThreads done
Event: 13.314 Executing VM operation: HandshakeAllThreads
Event: 13.314 Executing VM operation: HandshakeAllThreads done
Event: 13.314 Executing VM operation: HandshakeAllThreads
Event: 13.314 Executing VM operation: HandshakeAllThreads done
Event: 13.328 Executing VM operation: HandshakeAllThreads
Event: 13.328 Executing VM operation: HandshakeAllThreads done
Event: 13.335 Executing VM operation: HandshakeAllThreads
Event: 13.335 Executing VM operation: HandshakeAllThreads done
Event: 13.351 Executing VM operation: HandshakeAllThreads
Event: 13.351 Executing VM operation: HandshakeAllThreads done
Event: 13.524 Executing VM operation: HandshakeAllThreads
Event: 13.524 Executing VM operation: HandshakeAllThreads done
Event: 13.541 Executing VM operation: G1CollectForAllocation
Event: 13.549 Executing VM operation: G1CollectForAllocation done

Events (20 events):
Event: 13.525 loading class jdk/internal/jrtfs/JrtDirectoryStream
Event: 13.527 loading class jdk/internal/jrtfs/JrtDirectoryStream done
Event: 13.528 loading class jdk/internal/jrtfs/JrtDirectoryStream$1
Event: 13.528 loading class jdk/internal/jrtfs/JrtDirectoryStream$1 done
Event: 13.529 loading class java/util/function/BooleanSupplier
Event: 13.529 loading class java/util/function/BooleanSupplier done
Event: 13.530 loading class jdk/internal/jimage/ImageReader$Resource
Event: 13.530 loading class jdk/internal/jimage/ImageReader$Resource done
Event: 13.690 loading class java/util/WeakHashMap$KeyIterator
Event: 13.692 loading class java/util/WeakHashMap$HashIterator
Event: 13.692 loading class java/util/WeakHashMap$HashIterator done
Event: 13.692 loading class java/util/WeakHashMap$KeyIterator done
Event: 13.714 loading class sun/nio/fs/WindowsPath$1
Event: 13.714 loading class sun/nio/fs/WindowsPath$1 done
Event: 13.715 loading class sun/nio/fs/WindowsException
Event: 13.715 loading class sun/nio/fs/WindowsException done
Event: 13.738 loading class java/io/StringReader
Event: 13.738 loading class java/io/StringReader done
Event: 13.757 loading class java/math/MutableBigInteger
Event: 13.758 loading class java/math/MutableBigInteger done


Dynamic libraries:
0x00007ff689e70000 - 0x00007ff689e80000 	C:\Program Files\Java\jdk-17\bin\java.exe
0x00007ffeb3e30000 - 0x00007ffeb4028000 	C:\WINDOWS\SYSTEM32\ntdll.dll
0x00007ffeb2cf0000 - 0x00007ffeb2daf000 	C:\WINDOWS\System32\KERNEL32.DLL
0x00007ffeb1650000 - 0x00007ffeb1946000 	C:\WINDOWS\System32\KERNELBASE.dll
0x00007ffeb1d30000 - 0x00007ffeb1e30000 	C:\WINDOWS\System32\ucrtbase.dll
0x00007ffe8dfb0000 - 0x00007ffe8dfcb000 	C:\Program Files\Java\jdk-17\bin\VCRUNTIME140.dll
0x00007ffe8dfd0000 - 0x00007ffe8dfe9000 	C:\Program Files\Java\jdk-17\bin\jli.dll
0x00007ffeb24e0000 - 0x00007ffeb258f000 	C:\WINDOWS\System32\ADVAPI32.dll
0x00007ffeb3200000 - 0x00007ffeb329e000 	C:\WINDOWS\System32\msvcrt.dll
0x00007ffeb3bb0000 - 0x00007ffeb3c4c000 	C:\WINDOWS\System32\sechost.dll
0x00007ffeb2a10000 - 0x00007ffeb2b36000 	C:\WINDOWS\System32\RPCRT4.dll
0x00007ffeb3c50000 - 0x00007ffeb3ded000 	C:\WINDOWS\System32\USER32.dll
0x00007ffeb1e60000 - 0x00007ffeb1e82000 	C:\WINDOWS\System32\win32u.dll
0x00007ffea2fd0000 - 0x00007ffea326a000 	C:\WINDOWS\WinSxS\amd64_microsoft.windows.common-controls_6595b64144ccf1df_6.0.19041.1110_none_60b5254171f9507e\COMCTL32.dll
0x00007ffeb2dd0000 - 0x00007ffeb2dfc000 	C:\WINDOWS\System32\GDI32.dll
0x00007ffeb1950000 - 0x00007ffeb1a65000 	C:\WINDOWS\System32\gdi32full.dll
0x00007ffeb1ac0000 - 0x00007ffeb1b5d000 	C:\WINDOWS\System32\msvcp_win.dll
0x00007ffea89f0000 - 0x00007ffea89fa000 	C:\WINDOWS\SYSTEM32\VERSION.dll
0x00007ffeb3430000 - 0x00007ffeb3460000 	C:\WINDOWS\System32\IMM32.DLL
0x00007ffe8dfa0000 - 0x00007ffe8dfac000 	C:\Program Files\Java\jdk-17\bin\vcruntime140_1.dll
0x00007ffe8df10000 - 0x00007ffe8df9e000 	C:\Program Files\Java\jdk-17\bin\msvcp140.dll
0x00007ffe48bc0000 - 0x00007ffe4979e000 	C:\Program Files\Java\jdk-17\bin\server\jvm.dll
0x00007ffeb31f0000 - 0x00007ffeb31f8000 	C:\WINDOWS\System32\PSAPI.DLL
0x00007ffea5750000 - 0x00007ffea5777000 	C:\WINDOWS\SYSTEM32\WINMM.dll
0x00007ffe8df00000 - 0x00007ffe8df09000 	C:\WINDOWS\SYSTEM32\WSOCK32.dll
0x00007ffeb2470000 - 0x00007ffeb24db000 	C:\WINDOWS\System32\WS2_32.dll
0x00007ffeafd70000 - 0x00007ffeafd82000 	C:\WINDOWS\SYSTEM32\kernel.appcore.dll
0x00007ffe8def0000 - 0x00007ffe8defa000 	C:\Program Files\Java\jdk-17\bin\jimage.dll
0x00007ffe9f320000 - 0x00007ffe9f504000 	C:\WINDOWS\SYSTEM32\DBGHELP.DLL
0x00007ffe9ffe0000 - 0x00007ffea0014000 	C:\WINDOWS\SYSTEM32\dbgcore.DLL
0x00007ffeb1510000 - 0x00007ffeb1592000 	C:\WINDOWS\System32\bcryptPrimitives.dll
0x00007ffeac750000 - 0x00007ffeac75e000 	C:\Program Files\Java\jdk-17\bin\instrument.dll
0x00007ffe8dec0000 - 0x00007ffe8dee5000 	C:\Program Files\Java\jdk-17\bin\java.dll
0x00007ffe8dde0000 - 0x00007ffe8deb7000 	C:\Program Files\Java\jdk-17\bin\jsvml.dll
0x00007ffeb3460000 - 0x00007ffeb3ba4000 	C:\WINDOWS\System32\SHELL32.dll
0x00007ffeaf560000 - 0x00007ffeafcf3000 	C:\WINDOWS\SYSTEM32\windows.storage.dll
0x00007ffeb1f00000 - 0x00007ffeb2254000 	C:\WINDOWS\System32\combase.dll
0x00007ffeb0f50000 - 0x00007ffeb0f7e000 	C:\WINDOWS\SYSTEM32\Wldp.dll
0x00007ffeb30e0000 - 0x00007ffeb318d000 	C:\WINDOWS\System32\SHCORE.dll
0x00007ffeb1e90000 - 0x00007ffeb1ee5000 	C:\WINDOWS\System32\shlwapi.dll
0x00007ffeb1440000 - 0x00007ffeb1465000 	C:\WINDOWS\SYSTEM32\profapi.dll
0x00007ffe8dd20000 - 0x00007ffe8dd38000 	C:\Program Files\Java\jdk-17\bin\zip.dll
0x00007ffe8dd60000 - 0x00007ffe8dd79000 	C:\Program Files\Java\jdk-17\bin\net.dll
0x00007ffea77a0000 - 0x00007ffea78aa000 	C:\WINDOWS\SYSTEM32\WINHTTP.dll
0x00007ffeb0cb0000 - 0x00007ffeb0d1a000 	C:\WINDOWS\system32\mswsock.dll
0x00007ffe8dd40000 - 0x00007ffe8dd56000 	C:\Program Files\Java\jdk-17\bin\nio.dll
0x00007ffe8da50000 - 0x00007ffe8da60000 	C:\Program Files\Java\jdk-17\bin\verify.dll
0x00007ffe93980000 - 0x00007ffe939a7000 	C:\Users\PC-portable.net\.gradle\native\68d5fa5c4cc2d200863cafc0d521ce42e7d3e7ee720ec0a83991735586a16f82\windows-amd64\native-platform.dll
0x00007ffe87ec0000 - 0x00007ffe88004000 	C:\Users\PC-portable.net\.gradle\native\e376f236ea51e6404a007f0833ffe2c6e607c4080706a723a18a27aeea778392\windows-amd64\native-platform-file-events.dll
0x00007ffe8da30000 - 0x00007ffe8da3a000 	C:\Program Files\Java\jdk-17\bin\management.dll
0x00007ffe8da20000 - 0x00007ffe8da2b000 	C:\Program Files\Java\jdk-17\bin\management_ext.dll
0x00007ffeb0ea0000 - 0x00007ffeb0eb8000 	C:\WINDOWS\SYSTEM32\CRYPTSP.dll
0x00007ffeb0550000 - 0x00007ffeb0584000 	C:\WINDOWS\system32\rsaenh.dll
0x00007ffeb1e30000 - 0x00007ffeb1e57000 	C:\WINDOWS\System32\bcrypt.dll
0x00007ffeb1400000 - 0x00007ffeb142e000 	C:\WINDOWS\SYSTEM32\USERENV.dll
0x00007ffeb0ec0000 - 0x00007ffeb0ecc000 	C:\WINDOWS\SYSTEM32\CRYPTBASE.dll
0x00007ffeb0950000 - 0x00007ffeb098b000 	C:\WINDOWS\SYSTEM32\IPHLPAPI.DLL
0x00007ffeb2590000 - 0x00007ffeb2598000 	C:\WINDOWS\System32\NSI.dll
0x00007ffea9960000 - 0x00007ffea9977000 	C:\WINDOWS\SYSTEM32\dhcpcsvc6.DLL
0x00007ffea97a0000 - 0x00007ffea97bd000 	C:\WINDOWS\SYSTEM32\dhcpcsvc.DLL
0x00007ffeb09a0000 - 0x00007ffeb0a6a000 	C:\WINDOWS\SYSTEM32\DNSAPI.dll
0x00007ffea02c0000 - 0x00007ffea02ce000 	C:\Program Files\Java\jdk-17\bin\sunmscapi.dll
0x00007ffeb1b60000 - 0x00007ffeb1cbe000 	C:\WINDOWS\System32\CRYPT32.dll
0x00007ffeb0fc0000 - 0x00007ffeb0fe8000 	C:\WINDOWS\SYSTEM32\ncrypt.dll
0x00007ffeb0f80000 - 0x00007ffeb0fbb000 	C:\WINDOWS\SYSTEM32\NTASN1.dll
0x00007ffe57ac0000 - 0x00007ffe57ac7000 	C:\WINDOWS\system32\wshunix.dll

dbghelp: loaded successfully - version: 4.0.5 - missing functions: none
symbol engine: initialized successfully - sym options: 0x614 - pdb path: .;C:\Program Files\Java\jdk-17\bin;C:\WINDOWS\SYSTEM32;C:\WINDOWS\WinSxS\amd64_microsoft.windows.common-controls_6595b64144ccf1df_6.0.19041.1110_none_60b5254171f9507e;C:\Program Files\Java\jdk-17\bin\server;C:\Users\PC-portable.net\.gradle\native\68d5fa5c4cc2d200863cafc0d521ce42e7d3e7ee720ec0a83991735586a16f82\windows-amd64;C:\Users\PC-portable.net\.gradle\native\e376f236ea51e6404a007f0833ffe2c6e607c4080706a723a18a27aeea778392\windows-amd64

VM Arguments:
jvm_args: --add-opens=java.base/java.util=ALL-UNNAMED --add-opens=java.base/java.lang=ALL-UNNAMED --add-opens=java.base/java.lang.invoke=ALL-UNNAMED --add-opens=java.prefs/java.util.prefs=ALL-UNNAMED --add-opens=java.base/java.nio.charset=ALL-UNNAMED --add-opens=java.base/java.net=ALL-UNNAMED --add-opens=java.base/java.util.concurrent.atomic=ALL-UNNAMED -Xmx2048m -Dfile.encoding=windows-1252 -Duser.country=FR -Duser.language=fr -Duser.variant -javaagent:C:\gradle\lib\agents\gradle-instrumentation-agent-8.3.jar 
java_command: org.gradle.launcher.daemon.bootstrap.GradleDaemon 8.3
java_class_path (initial): C:\gradle\lib\gradle-launcher-8.3.jar
Launcher Type: SUN_STANDARD

[Global flags]
     intx CICompilerCount                          = 4                                         {product} {ergonomic}
     uint ConcGCThreads                            = 2                                         {product} {ergonomic}
     uint G1ConcRefinementThreads                  = 8                                         {product} {ergonomic}
   size_t G1HeapRegionSize                         = 1048576                                   {product} {ergonomic}
    uintx GCDrainStackTargetSize                   = 64                                        {product} {ergonomic}
   size_t InitialHeapSize                          = 134217728                                 {product} {ergonomic}
   size_t MarkStackSize                            = 4194304                                   {product} {ergonomic}
   size_t MaxHeapSize                              = 2147483648                                {product} {command line}
   size_t MaxNewSize                               = 1287651328                                {product} {ergonomic}
   size_t MinHeapDeltaBytes                        = 1048576                                   {product} {ergonomic}
   size_t MinHeapSize                              = 8388608                                   {product} {ergonomic}
    uintx NonNMethodCodeHeapSize                   = 5839372                                {pd product} {ergonomic}
    uintx NonProfiledCodeHeapSize                  = 122909434                              {pd product} {ergonomic}
    uintx ProfiledCodeHeapSize                     = 122909434                              {pd product} {ergonomic}
    uintx ReservedCodeCacheSize                    = 251658240                              {pd product} {ergonomic}
     bool SegmentedCodeCache                       = true                                      {product} {ergonomic}
   size_t SoftMaxHeapSize                          = 2147483648                             {manageable} {ergonomic}
     bool UseCompressedClassPointers               = true                           {product lp64_product} {ergonomic}
     bool UseCompressedOops                        = true                           {product lp64_product} {ergonomic}
     bool UseG1GC                                  = true                                      {product} {ergonomic}
     bool UseLargePagesIndividualAllocation        = false                                  {pd product} {ergonomic}

Logging:
Log output configuration:
 #0: stdout all=warning uptime,level,tags
 #1: stderr all=off uptime,level,tags

Environment Variables:
JAVA_HOME=C:\Program Files\Java\jdk-17
CLASSPATH=C:\gradle\lib\gradle-launcher-8.3.jar
PATH=C:\Program Files\Java\jdk-17\bin;C:\Users\PC-portable.net\bin;C:\Program Files\Git\mingw64\bin;C:\Program Files\Git\usr\local\bin;C:\Program Files\Git\usr\bin;C:\Program Files\Git\usr\bin;C:\Program Files\Git\mingw64\bin;C:\Program Files\Git\usr\bin;C:\Users\PC-portable.net\bin;C:\Program Files\Common Files\Oracle\Java\javapath;C:\WINDOWS\system32;C:\WINDOWS;C:\WINDOWS\System32\Wbem;C:\WINDOWS\System32\WindowsPowerShell\v1.0;C:\WINDOWS\System32\OpenSSH;C:\Program Files\Git\cmd;C:\sqlite;C:\xampp\php;C:\Program Files\Looping;C:\Program Files\nodejs;C:\gradle\bin;%CORDOVA_JAVA_HOME%\bin;C:\Users\PC-portable.net\AppData\Local\Programs\Python\Python311\Scripts;C:\Users\PC-portable.net\AppData\Local\Programs\Python\Python311;C:\Users\PC-portable.net\AppData\Local\Microsoft\WindowsApps;C:\Users\PC-portable.net\AppData\Local\Programs\Microsoft VS Code\bin;C:\Users\PC-portable.net\AppData\Roaming\npm;C:\Users\PC-portable.net\AppData\Local\Android\Sdk\cmdline-tools\latest\bin;C:\Users\PC-portable.net\AppData\Local\Android\Sdk\emulator;C:\Users\PC-portable.net\AppData\Local\Android\Sdk\platform-tools;C:\Users\PC-portable.net\AppData\Local\Android\Sdk\build-tools;C:\Program Files\Git\usr\bin\vendor_perl;C:\Program Files\Git\usr\bin\core_perl
USERNAME=PC-portable.net
SHELL=C:\Program Files\Git\usr\bin\bash.exe
DISPLAY=needs-to-be-defined
LANG=fr_FR.UTF-8
OS=Windows_NT
PROCESSOR_IDENTIFIER=Intel64 Family 6 Model 42 Stepping 7, GenuineIntel



---------------  S Y S T E M  ---------------

OS:
 Windows 10 , 64 bit Build 19041 (10.0.19041.3155)
OS uptime: 0 days 3:24 hours

CPU: total 8 (initial active 8) (4 cores per cpu, 2 threads per core) family 6 model 42 stepping 7 microcode 0x2f, cx8, cmov, fxsr, ht, mmx, sse, sse2, sse3, ssse3, sse4.1, sse4.2, popcnt, tsc, tscinvbit, avx, aes, clmul, vzeroupper, clflush

Memory: 4k page, system-wide physical 8142M (430M free)
TotalPageFile size 12894M (AvailPageFile size 10M)
current process WorkingSet (physical memory assigned to process): 201M, peak: 210M
current process commit charge ("private bytes"): 251M, peak: 285M

vm_info: Java HotSpot(TM) 64-Bit Server VM (17.0.8+9-LTS-211) for windows-amd64 JRE (17.0.8+9-LTS-211), built on Jun 14 2023 10:34:31 by "mach5one" with MS VC++ 17.1 (VS2022)

END.
